{"/Users/philemon/Documents/GitHub/Digital_factory/app.js": {"path":"/Users/philemon/Documents/GitHub/Digital_factory/app.js","statementMap":{"0":{"start":{"line":1,"column":16},"end":{"line":1,"column":34}},"1":{"start":{"line":2,"column":18},"end":{"line":2,"column":40}},"2":{"start":{"line":3,"column":0},"end":{"line":3,"column":27}},"3":{"start":{"line":4,"column":19},"end":{"line":4,"column":41}},"4":{"start":{"line":5,"column":13},"end":{"line":5,"column":28}},"5":{"start":{"line":6,"column":15},"end":{"line":6,"column":41}},"6":{"start":{"line":7,"column":29},"end":{"line":7,"column":71}},"7":{"start":{"line":9,"column":16},"end":{"line":9,"column":42}},"8":{"start":{"line":12,"column":13},"end":{"line":12,"column":17}},"9":{"start":{"line":13,"column":12},"end":{"line":13,"column":21}},"10":{"start":{"line":14,"column":0},"end":{"line":14,"column":24}},"11":{"start":{"line":15,"column":0},"end":{"line":24,"column":3}},"12":{"start":{"line":26,"column":0},"end":{"line":26,"column":27}},"13":{"start":{"line":27,"column":0},"end":{"line":30,"column":4}},"14":{"start":{"line":32,"column":0},"end":{"line":32,"column":48}},"15":{"start":{"line":33,"column":0},"end":{"line":35,"column":3}},"16":{"start":{"line":34,"column":2},"end":{"line":34,"column":21}},"17":{"start":{"line":36,"column":0},"end":{"line":36,"column":16}},"18":{"start":{"line":37,"column":0},"end":{"line":40,"column":3}},"19":{"start":{"line":38,"column":2},"end":{"line":38,"column":49}},"20":{"start":{"line":41,"column":0},"end":{"line":43,"column":1}},"21":{"start":{"line":42,"column":2},"end":{"line":42,"column":14}},"22":{"start":{"line":44,"column":0},"end":{"line":44,"column":27}},"23":{"start":{"line":46,"column":0},"end":{"line":46,"column":21}},"24":{"start":{"line":49,"column":0},"end":{"line":54,"column":1}},"25":{"start":{"line":50,"column":15},"end":{"line":50,"column":39}},"26":{"start":{"line":51,"column":2},"end":{"line":53,"column":5}},"27":{"start":{"line":52,"column":4},"end":{"line":52,"column":53}}},"fnMap":{"0":{"name":"(anonymous_0)","decl":{"start":{"line":33,"column":18},"end":{"line":33,"column":19}},"loc":{"start":{"line":33,"column":32},"end":{"line":35,"column":1}},"line":33},"1":{"name":"(anonymous_1)","decl":{"start":{"line":37,"column":8},"end":{"line":37,"column":9}},"loc":{"start":{"line":37,"column":28},"end":{"line":40,"column":1}},"line":37},"2":{"name":"(anonymous_2)","decl":{"start":{"line":51,"column":19},"end":{"line":51,"column":20}},"loc":{"start":{"line":51,"column":25},"end":{"line":53,"column":3}},"line":51}},"branchMap":{"0":{"loc":{"start":{"line":41,"column":0},"end":{"line":43,"column":1}},"type":"if","locations":[{"start":{"line":41,"column":0},"end":{"line":43,"column":1}},{"start":{},"end":{}}],"line":41},"1":{"loc":{"start":{"line":49,"column":0},"end":{"line":54,"column":1}},"type":"if","locations":[{"start":{"line":49,"column":0},"end":{"line":54,"column":1}},{"start":{},"end":{}}],"line":49},"2":{"loc":{"start":{"line":50,"column":15},"end":{"line":50,"column":39}},"type":"binary-expr","locations":[{"start":{"line":50,"column":15},"end":{"line":50,"column":31}},{"start":{"line":50,"column":35},"end":{"line":50,"column":39}}],"line":50}},"s":{"0":1,"1":1,"2":1,"3":1,"4":1,"5":1,"6":1,"7":1,"8":1,"9":1,"10":1,"11":1,"12":1,"13":1,"14":1,"15":1,"16":1,"17":1,"18":1,"19":0,"20":1,"21":0,"22":1,"23":1,"24":1,"25":0,"26":0,"27":0},"f":{"0":1,"1":0,"2":0},"b":{"0":[0,1],"1":[0,1],"2":[0,0]},"_coverageSchema":"1a1c01bbd47fc00a2c39e90264f33305004495a9","hash":"c3ab5e318fd0bd201d6a9a83f053e01f55ef00b2"}
,"/Users/philemon/Documents/GitHub/Digital_factory/config/db.js": {"path":"/Users/philemon/Documents/GitHub/Digital_factory/config/db.js","statementMap":{"0":{"start":{"line":1,"column":17},"end":{"line":1,"column":36}},"1":{"start":{"line":2,"column":0},"end":{"line":2,"column":27}},"2":{"start":{"line":5,"column":2},"end":{"line":11,"column":5}},"3":{"start":{"line":6,"column":6},"end":{"line":6,"column":52}},"4":{"start":{"line":7,"column":6},"end":{"line":7,"column":39}},"5":{"start":{"line":9,"column":4},"end":{"line":9,"column":45}},"6":{"start":{"line":10,"column":4},"end":{"line":10,"column":20}},"7":{"start":{"line":14,"column":0},"end":{"line":14,"column":27}}},"fnMap":{"0":{"name":"connectDB","decl":{"start":{"line":4,"column":15},"end":{"line":4,"column":24}},"loc":{"start":{"line":4,"column":26},"end":{"line":12,"column":1}},"line":4}},"branchMap":{},"s":{"0":1,"1":1,"2":0,"3":0,"4":0,"5":0,"6":0,"7":1},"f":{"0":0},"b":{},"_coverageSchema":"1a1c01bbd47fc00a2c39e90264f33305004495a9","hash":"0bc32ad2e84f98c5d7e35f454684142038eedb94"}
,"/Users/philemon/Documents/GitHub/Digital_factory/controllers/taskController.js": {"path":"/Users/philemon/Documents/GitHub/Digital_factory/controllers/taskController.js","statementMap":{"0":{"start":{"line":5,"column":13},"end":{"line":5,"column":45}},"1":{"start":{"line":6,"column":0},"end":{"line":6,"column":26}},"2":{"start":{"line":15,"column":0},"end":{"line":22,"column":1}},"3":{"start":{"line":16,"column":4},"end":{"line":21,"column":5}},"4":{"start":{"line":17,"column":22},"end":{"line":17,"column":66}},"5":{"start":{"line":18,"column":8},"end":{"line":18,"column":24}},"6":{"start":{"line":20,"column":8},"end":{"line":20,"column":66}},"7":{"start":{"line":34,"column":0},"end":{"line":45,"column":1}},"8":{"start":{"line":35,"column":4},"end":{"line":44,"column":5}},"9":{"start":{"line":36,"column":21},"end":{"line":39,"column":10}},"10":{"start":{"line":40,"column":8},"end":{"line":40,"column":26}},"11":{"start":{"line":41,"column":8},"end":{"line":41,"column":35}},"12":{"start":{"line":43,"column":8},"end":{"line":43,"column":65}},"13":{"start":{"line":60,"column":0},"end":{"line":74,"column":1}},"14":{"start":{"line":61,"column":4},"end":{"line":73,"column":5}},"15":{"start":{"line":63,"column":21},"end":{"line":63,"column":88}},"16":{"start":{"line":64,"column":8},"end":{"line":64,"column":78}},"17":{"start":{"line":64,"column":19},"end":{"line":64,"column":78}},"18":{"start":{"line":66,"column":26},"end":{"line":66,"column":34}},"19":{"start":{"line":67,"column":8},"end":{"line":67,"column":52}},"20":{"start":{"line":67,"column":33},"end":{"line":67,"column":52}},"21":{"start":{"line":69,"column":8},"end":{"line":69,"column":26}},"22":{"start":{"line":70,"column":8},"end":{"line":70,"column":23}},"23":{"start":{"line":72,"column":8},"end":{"line":72,"column":17}},"24":{"start":{"line":85,"column":0},"end":{"line":94,"column":1}},"25":{"start":{"line":86,"column":4},"end":{"line":93,"column":5}},"26":{"start":{"line":88,"column":21},"end":{"line":88,"column":97}},"27":{"start":{"line":89,"column":8},"end":{"line":89,"column":78}},"28":{"start":{"line":89,"column":19},"end":{"line":89,"column":78}},"29":{"start":{"line":90,"column":8},"end":{"line":90,"column":59}},"30":{"start":{"line":92,"column":8},"end":{"line":92,"column":17}}},"fnMap":{"0":{"name":"(anonymous_0)","decl":{"start":{"line":15,"column":30},"end":{"line":15,"column":31}},"loc":{"start":{"line":15,"column":50},"end":{"line":22,"column":1}},"line":15},"1":{"name":"(anonymous_1)","decl":{"start":{"line":34,"column":29},"end":{"line":34,"column":30}},"loc":{"start":{"line":34,"column":49},"end":{"line":45,"column":1}},"line":34},"2":{"name":"(anonymous_2)","decl":{"start":{"line":60,"column":29},"end":{"line":60,"column":30}},"loc":{"start":{"line":60,"column":55},"end":{"line":74,"column":1}},"line":60},"3":{"name":"(anonymous_3)","decl":{"start":{"line":85,"column":29},"end":{"line":85,"column":30}},"loc":{"start":{"line":85,"column":55},"end":{"line":94,"column":1}},"line":85}},"branchMap":{"0":{"loc":{"start":{"line":64,"column":8},"end":{"line":64,"column":78}},"type":"if","locations":[{"start":{"line":64,"column":8},"end":{"line":64,"column":78}},{"start":{},"end":{}}],"line":64},"1":{"loc":{"start":{"line":67,"column":8},"end":{"line":67,"column":52}},"type":"if","locations":[{"start":{"line":67,"column":8},"end":{"line":67,"column":52}},{"start":{},"end":{}}],"line":67},"2":{"loc":{"start":{"line":89,"column":8},"end":{"line":89,"column":78}},"type":"if","locations":[{"start":{"line":89,"column":8},"end":{"line":89,"column":78}},{"start":{},"end":{}}],"line":89}},"s":{"0":2,"1":2,"2":2,"3":1,"4":1,"5":1,"6":0,"7":2,"8":1,"9":1,"10":1,"11":1,"12":0,"13":2,"14":2,"15":2,"16":2,"17":1,"18":1,"19":1,"20":1,"21":1,"22":1,"23":0,"24":2,"25":2,"26":2,"27":2,"28":1,"29":1,"30":0},"f":{"0":1,"1":1,"2":2,"3":2},"b":{"0":[1,1],"1":[1,0],"2":[1,1]},"_coverageSchema":"1a1c01bbd47fc00a2c39e90264f33305004495a9","hash":"3bfdb194dbfd92a21bd7faea023d5f388e91e40e"}
,"/Users/philemon/Documents/GitHub/Digital_factory/controllers/userController.js": {"path":"/Users/philemon/Documents/GitHub/Digital_factory/controllers/userController.js","statementMap":{"0":{"start":{"line":1,"column":0},"end":{"line":1,"column":27}},"1":{"start":{"line":2,"column":15},"end":{"line":2,"column":34}},"2":{"start":{"line":3,"column":12},"end":{"line":3,"column":35}},"3":{"start":{"line":4,"column":13},"end":{"line":4,"column":45}},"4":{"start":{"line":20,"column":0},"end":{"line":41,"column":2}},"5":{"start":{"line":22,"column":4},"end":{"line":39,"column":5}},"6":{"start":{"line":23,"column":46},"end":{"line":23,"column":54}},"7":{"start":{"line":25,"column":29},"end":{"line":25,"column":83}},"8":{"start":{"line":26,"column":8},"end":{"line":28,"column":9}},"9":{"start":{"line":27,"column":12},"end":{"line":27,"column":76}},"10":{"start":{"line":30,"column":31},"end":{"line":30,"column":62}},"11":{"start":{"line":31,"column":21},"end":{"line":31,"column":76}},"12":{"start":{"line":32,"column":22},"end":{"line":32,"column":93}},"13":{"start":{"line":33,"column":8},"end":{"line":33,"column":26}},"14":{"start":{"line":35,"column":8},"end":{"line":35,"column":33}},"15":{"start":{"line":36,"column":8},"end":{"line":36,"column":74}},"16":{"start":{"line":38,"column":8},"end":{"line":38,"column":17}},"17":{"start":{"line":55,"column":0},"end":{"line":79,"column":2}},"18":{"start":{"line":56,"column":4},"end":{"line":78,"column":5}},"19":{"start":{"line":57,"column":36},"end":{"line":57,"column":44}},"20":{"start":{"line":59,"column":21},"end":{"line":59,"column":50}},"21":{"start":{"line":60,"column":8},"end":{"line":61,"column":76}},"22":{"start":{"line":61,"column":12},"end":{"line":61,"column":76}},"23":{"start":{"line":64,"column":30},"end":{"line":64,"column":75}},"24":{"start":{"line":65,"column":8},"end":{"line":66,"column":76}},"25":{"start":{"line":66,"column":12},"end":{"line":66,"column":76}},"26":{"start":{"line":69,"column":22},"end":{"line":69,"column":93}},"27":{"start":{"line":70,"column":8},"end":{"line":70,"column":26}},"28":{"start":{"line":72,"column":8},"end":{"line":72,"column":33}},"29":{"start":{"line":73,"column":8},"end":{"line":75,"column":11}},"30":{"start":{"line":77,"column":8},"end":{"line":77,"column":17}},"31":{"start":{"line":92,"column":0},"end":{"line":105,"column":2}},"32":{"start":{"line":93,"column":4},"end":{"line":104,"column":5}},"33":{"start":{"line":94,"column":8},"end":{"line":100,"column":9}},"34":{"start":{"line":95,"column":12},"end":{"line":99,"column":15}},"35":{"start":{"line":96,"column":16},"end":{"line":98,"column":17}},"36":{"start":{"line":97,"column":20},"end":{"line":97,"column":37}},"37":{"start":{"line":101,"column":8},"end":{"line":101,"column":74}},"38":{"start":{"line":103,"column":8},"end":{"line":103,"column":18}}},"fnMap":{"0":{"name":"(anonymous_0)","decl":{"start":{"line":20,"column":24},"end":{"line":20,"column":25}},"loc":{"start":{"line":20,"column":50},"end":{"line":41,"column":1}},"line":20},"1":{"name":"(anonymous_1)","decl":{"start":{"line":55,"column":24},"end":{"line":55,"column":25}},"loc":{"start":{"line":55,"column":50},"end":{"line":79,"column":1}},"line":55},"2":{"name":"(anonymous_2)","decl":{"start":{"line":92,"column":25},"end":{"line":92,"column":26}},"loc":{"start":{"line":92,"column":51},"end":{"line":105,"column":1}},"line":92},"3":{"name":"(anonymous_3)","decl":{"start":{"line":95,"column":32},"end":{"line":95,"column":33}},"loc":{"start":{"line":95,"column":41},"end":{"line":99,"column":13}},"line":95}},"branchMap":{"0":{"loc":{"start":{"line":26,"column":8},"end":{"line":28,"column":9}},"type":"if","locations":[{"start":{"line":26,"column":8},"end":{"line":28,"column":9}},{"start":{},"end":{}}],"line":26},"1":{"loc":{"start":{"line":60,"column":8},"end":{"line":61,"column":76}},"type":"if","locations":[{"start":{"line":60,"column":8},"end":{"line":61,"column":76}},{"start":{},"end":{}}],"line":60},"2":{"loc":{"start":{"line":65,"column":8},"end":{"line":66,"column":76}},"type":"if","locations":[{"start":{"line":65,"column":8},"end":{"line":66,"column":76}},{"start":{},"end":{}}],"line":65},"3":{"loc":{"start":{"line":94,"column":8},"end":{"line":100,"column":9}},"type":"if","locations":[{"start":{"line":94,"column":8},"end":{"line":100,"column":9}},{"start":{},"end":{}}],"line":94},"4":{"loc":{"start":{"line":96,"column":16},"end":{"line":98,"column":17}},"type":"if","locations":[{"start":{"line":96,"column":16},"end":{"line":98,"column":17}},{"start":{},"end":{}}],"line":96}},"s":{"0":2,"1":2,"2":2,"3":2,"4":2,"5":2,"6":2,"7":2,"8":2,"9":1,"10":1,"11":1,"12":1,"13":1,"14":1,"15":1,"16":0,"17":2,"18":2,"19":2,"20":2,"21":2,"22":1,"23":1,"24":1,"25":0,"26":1,"27":1,"28":1,"29":1,"30":0,"31":2,"32":1,"33":1,"34":1,"35":1,"36":0,"37":1,"38":0},"f":{"0":2,"1":2,"2":1,"3":1},"b":{"0":[1,1],"1":[1,1],"2":[0,1],"3":[1,0],"4":[0,1]},"_coverageSchema":"1a1c01bbd47fc00a2c39e90264f33305004495a9","hash":"da0bc4d4757319c2b328dc2962e2f078e62a9d6b"}
,"/Users/philemon/Documents/GitHub/Digital_factory/middleware/auth.js": {"path":"/Users/philemon/Documents/GitHub/Digital_factory/middleware/auth.js","statementMap":{"0":{"start":{"line":1,"column":0},"end":{"line":1,"column":27}},"1":{"start":{"line":2,"column":12},"end":{"line":2,"column":35}},"2":{"start":{"line":20,"column":0},"end":{"line":38,"column":2}},"3":{"start":{"line":21,"column":2},"end":{"line":37,"column":1}},"4":{"start":{"line":22,"column":18},"end":{"line":22,"column":35}},"5":{"start":{"line":23,"column":4},"end":{"line":25,"column":5}},"6":{"start":{"line":24,"column":8},"end":{"line":24,"column":82}},"7":{"start":{"line":27,"column":4},"end":{"line":34,"column":7}},"8":{"start":{"line":28,"column":8},"end":{"line":30,"column":9}},"9":{"start":{"line":29,"column":12},"end":{"line":29,"column":70}},"10":{"start":{"line":32,"column":8},"end":{"line":32,"column":39}},"11":{"start":{"line":33,"column":8},"end":{"line":33,"column":15}},"12":{"start":{"line":36,"column":4},"end":{"line":36,"column":74}}},"fnMap":{"0":{"name":"(anonymous_0)","decl":{"start":{"line":20,"column":32},"end":{"line":20,"column":33}},"loc":{"start":{"line":20,"column":58},"end":{"line":38,"column":1}},"line":20},"1":{"name":"(anonymous_1)","decl":{"start":{"line":27,"column":46},"end":{"line":27,"column":47}},"loc":{"start":{"line":27,"column":64},"end":{"line":34,"column":5}},"line":27}},"branchMap":{"0":{"loc":{"start":{"line":23,"column":4},"end":{"line":25,"column":5}},"type":"if","locations":[{"start":{"line":23,"column":4},"end":{"line":25,"column":5}},{"start":{},"end":{}}],"line":23},"1":{"loc":{"start":{"line":28,"column":8},"end":{"line":30,"column":9}},"type":"if","locations":[{"start":{"line":28,"column":8},"end":{"line":30,"column":9}},{"start":{},"end":{}}],"line":28}},"s":{"0":1,"1":1,"2":1,"3":2,"4":2,"5":2,"6":2,"7":0,"8":0,"9":0,"10":0,"11":0,"12":0},"f":{"0":2,"1":0},"b":{"0":[2,0],"1":[0,0]},"_coverageSchema":"1a1c01bbd47fc00a2c39e90264f33305004495a9","hash":"31ce214e255360795f8211f8af17870b82531f1f"}
,"/Users/philemon/Documents/GitHub/Digital_factory/middleware/globalErrorHandler.js": {"path":"/Users/philemon/Documents/GitHub/Digital_factory/middleware/globalErrorHandler.js","statementMap":{"0":{"start":{"line":2,"column":0},"end":{"line":5,"column":1}},"1":{"start":{"line":3,"column":4},"end":{"line":3,"column":22}},"2":{"start":{"line":4,"column":4},"end":{"line":4,"column":63}}},"fnMap":{"0":{"name":"(anonymous_0)","decl":{"start":{"line":2,"column":36},"end":{"line":2,"column":37}},"loc":{"start":{"line":2,"column":57},"end":{"line":5,"column":1}},"line":2}},"branchMap":{},"s":{"0":1,"1":0,"2":0},"f":{"0":0},"b":{},"_coverageSchema":"1a1c01bbd47fc00a2c39e90264f33305004495a9","hash":"96cb56bc4553732853daad4043ee7e7d88543bc4"}
,"/Users/philemon/Documents/GitHub/Digital_factory/middleware/inputErrorHandler.js": {"path":"/Users/philemon/Documents/GitHub/Digital_factory/middleware/inputErrorHandler.js","statementMap":{"0":{"start":{"line":1,"column":29},"end":{"line":1,"column":57}},"1":{"start":{"line":3,"column":0},"end":{"line":12,"column":2}},"2":{"start":{"line":4,"column":17},"end":{"line":4,"column":38}},"3":{"start":{"line":5,"column":2},"end":{"line":10,"column":3}},"4":{"start":{"line":6,"column":26},"end":{"line":6,"column":70}},"5":{"start":{"line":6,"column":52},"end":{"line":6,"column":58}},"6":{"start":{"line":7,"column":18},"end":{"line":7,"column":87}},"7":{"start":{"line":8,"column":4},"end":{"line":8,"column":45}},"8":{"start":{"line":9,"column":4},"end":{"line":9,"column":10}},"9":{"start":{"line":11,"column":2},"end":{"line":11,"column":8}}},"fnMap":{"0":{"name":"(anonymous_0)","decl":{"start":{"line":3,"column":35},"end":{"line":3,"column":36}},"loc":{"start":{"line":3,"column":61},"end":{"line":12,"column":1}},"line":3},"1":{"name":"(anonymous_1)","decl":{"start":{"line":6,"column":45},"end":{"line":6,"column":46}},"loc":{"start":{"line":6,"column":52},"end":{"line":6,"column":58}},"line":6}},"branchMap":{"0":{"loc":{"start":{"line":5,"column":2},"end":{"line":10,"column":3}},"type":"if","locations":[{"start":{"line":5,"column":2},"end":{"line":10,"column":3}},{"start":{},"end":{}}],"line":5},"1":{"loc":{"start":{"line":7,"column":38},"end":{"line":7,"column":77}},"type":"cond-expr","locations":[{"start":{"line":7,"column":65},"end":{"line":7,"column":70}},{"start":{"line":7,"column":73},"end":{"line":7,"column":77}}],"line":7}},"s":{"0":1,"1":1,"2":0,"3":0,"4":0,"5":0,"6":0,"7":0,"8":0,"9":0},"f":{"0":0,"1":0},"b":{"0":[0,0],"1":[0,0]},"_coverageSchema":"1a1c01bbd47fc00a2c39e90264f33305004495a9","hash":"44acc84abf0c34d283db5d93f226cc608860ad7b"}
,"/Users/philemon/Documents/GitHub/Digital_factory/models/task.models.js": {"path":"/Users/philemon/Documents/GitHub/Digital_factory/models/task.models.js","statementMap":{"0":{"start":{"line":1,"column":17},"end":{"line":1,"column":36}},"1":{"start":{"line":3,"column":19},"end":{"line":9,"column":2}},"2":{"start":{"line":11,"column":0},"end":{"line":11,"column":52}}},"fnMap":{},"branchMap":{},"s":{"0":2,"1":2,"2":2},"f":{},"b":{},"_coverageSchema":"1a1c01bbd47fc00a2c39e90264f33305004495a9","hash":"8670935dd8521674382463105085a2055e4b6ea9"}
,"/Users/philemon/Documents/GitHub/Digital_factory/models/user.models.js": {"path":"/Users/philemon/Documents/GitHub/Digital_factory/models/user.models.js","statementMap":{"0":{"start":{"line":1,"column":17},"end":{"line":1,"column":36}},"1":{"start":{"line":3,"column":19},"end":{"line":7,"column":2}},"2":{"start":{"line":9,"column":0},"end":{"line":9,"column":51}}},"fnMap":{},"branchMap":{},"s":{"0":2,"1":2,"2":2},"f":{},"b":{},"_coverageSchema":"1a1c01bbd47fc00a2c39e90264f33305004495a9","hash":"a7ffde70e0e445aa12b07d520957e5de634bae89"}
,"/Users/philemon/Documents/GitHub/Digital_factory/routes/routes.js": {"path":"/Users/philemon/Documents/GitHub/Digital_factory/routes/routes.js","statementMap":{"0":{"start":{"line":1,"column":16},"end":{"line":1,"column":34}},"1":{"start":{"line":2,"column":36},"end":{"line":2,"column":76}},"2":{"start":{"line":3,"column":64},"end":{"line":3,"column":104}},"3":{"start":{"line":4,"column":27},"end":{"line":4,"column":56}},"4":{"start":{"line":5,"column":30},"end":{"line":5,"column":72}},"5":{"start":{"line":6,"column":24},"end":{"line":6,"column":52}},"6":{"start":{"line":8,"column":15},"end":{"line":8,"column":31}},"7":{"start":{"line":10,"column":0},"end":{"line":17,"column":1}},"8":{"start":{"line":18,"column":0},"end":{"line":23,"column":1}},"9":{"start":{"line":28,"column":0},"end":{"line":28,"column":26}},"10":{"start":{"line":29,"column":0},"end":{"line":31,"column":2}},"11":{"start":{"line":30,"column":4},"end":{"line":30,"column":31}},"12":{"start":{"line":32,"column":0},"end":{"line":32,"column":38}},"13":{"start":{"line":33,"column":0},"end":{"line":36,"column":1}},"14":{"start":{"line":37,"column":0},"end":{"line":42,"column":1}},"15":{"start":{"line":43,"column":0},"end":{"line":47,"column":1}},"16":{"start":{"line":49,"column":0},"end":{"line":49,"column":31}},"17":{"start":{"line":51,"column":0},"end":{"line":51,"column":24}}},"fnMap":{"0":{"name":"(anonymous_0)","decl":{"start":{"line":29,"column":24},"end":{"line":29,"column":25}},"loc":{"start":{"line":29,"column":38},"end":{"line":31,"column":1}},"line":29}},"branchMap":{},"s":{"0":1,"1":1,"2":1,"3":1,"4":1,"5":1,"6":1,"7":1,"8":1,"9":1,"10":1,"11":0,"12":1,"13":1,"14":1,"15":1,"16":1,"17":1},"f":{"0":0},"b":{},"_coverageSchema":"1a1c01bbd47fc00a2c39e90264f33305004495a9","hash":"388c0e96b91c1ea33db72f005e0eda4c2a7c0d45"}
}
