TN:
SF:app.js
FN:33,(anonymous_0)
FN:37,(anonymous_1)
FN:51,(anonymous_2)
FNF:3
FNH:1
FNDA:1,(anonymous_0)
FNDA:0,(anonymous_1)
FNDA:0,(anonymous_2)
DA:1,1
DA:2,1
DA:3,1
DA:4,1
DA:5,1
DA:6,1
DA:7,1
DA:9,1
DA:12,1
DA:13,1
DA:14,1
DA:15,1
DA:26,1
DA:27,1
DA:32,1
DA:33,1
DA:34,1
DA:36,1
DA:37,1
DA:38,0
DA:41,1
DA:42,0
DA:44,1
DA:46,1
DA:49,1
DA:50,0
DA:51,0
DA:52,0
LF:28
LH:23
BRDA:41,0,0,0
BRDA:41,0,1,1
BRDA:49,1,0,0
BRDA:49,1,1,1
BRDA:50,2,0,0
BRDA:50,2,1,0
BRF:6
BRH:2
end_of_record
TN:
SF:config/db.js
FN:4,connectDB
FNF:1
FNH:0
FNDA:0,connectDB
DA:1,1
DA:2,1
DA:5,0
DA:6,0
DA:7,0
DA:9,0
DA:10,0
DA:14,1
LF:8
LH:3
BRF:0
BRH:0
end_of_record
TN:
SF:controllers/taskController.js
FN:15,(anonymous_0)
FN:34,(anonymous_1)
FN:60,(anonymous_2)
FN:85,(anonymous_3)
FNF:4
FNH:4
FNDA:1,(anonymous_0)
FNDA:1,(anonymous_1)
FNDA:2,(anonymous_2)
FNDA:2,(anonymous_3)
DA:5,2
DA:6,2
DA:15,2
DA:16,1
DA:17,1
DA:18,1
DA:20,0
DA:34,2
DA:35,1
DA:36,1
DA:40,1
DA:41,1
DA:43,0
DA:60,2
DA:61,2
DA:63,2
DA:64,2
DA:66,1
DA:67,1
DA:69,1
DA:70,1
DA:72,0
DA:85,2
DA:86,2
DA:88,2
DA:89,2
DA:90,1
DA:92,0
LF:28
LH:24
BRDA:64,0,0,1
BRDA:64,0,1,1
BRDA:67,1,0,1
BRDA:67,1,1,0
BRDA:89,2,0,1
BRDA:89,2,1,1
BRF:6
BRH:5
end_of_record
TN:
SF:controllers/userController.js
FN:20,(anonymous_0)
FN:55,(anonymous_1)
FN:92,(anonymous_2)
FN:95,(anonymous_3)
FNF:4
FNH:4
FNDA:2,(anonymous_0)
FNDA:2,(anonymous_1)
FNDA:1,(anonymous_2)
FNDA:1,(anonymous_3)
DA:1,2
DA:2,2
DA:3,2
DA:4,2
DA:20,2
DA:22,2
DA:23,2
DA:25,2
DA:26,2
DA:27,1
DA:30,1
DA:31,1
DA:32,1
DA:33,1
DA:35,1
DA:36,1
DA:38,0
DA:55,2
DA:56,2
DA:57,2
DA:59,2
DA:60,2
DA:61,1
DA:64,1
DA:65,1
DA:66,0
DA:69,1
DA:70,1
DA:72,1
DA:73,1
DA:77,0
DA:92,2
DA:93,1
DA:94,1
DA:95,1
DA:96,1
DA:97,0
DA:101,1
DA:103,0
LF:39
LH:34
BRDA:26,0,0,1
BRDA:26,0,1,1
BRDA:60,1,0,1
BRDA:60,1,1,1
BRDA:65,2,0,0
BRDA:65,2,1,1
BRDA:94,3,0,1
BRDA:94,3,1,0
BRDA:96,4,0,0
BRDA:96,4,1,1
BRF:10
BRH:7
end_of_record
TN:
SF:middleware/auth.js
FN:20,(anonymous_0)
FN:27,(anonymous_1)
FNF:2
FNH:1
FNDA:2,(anonymous_0)
FNDA:0,(anonymous_1)
DA:1,1
DA:2,1
DA:20,1
DA:21,2
DA:22,2
DA:23,2
DA:24,2
DA:27,0
DA:28,0
DA:29,0
DA:32,0
DA:33,0
DA:36,0
LF:13
LH:7
BRDA:23,0,0,2
BRDA:23,0,1,0
BRDA:28,1,0,0
BRDA:28,1,1,0
BRF:4
BRH:1
end_of_record
TN:
SF:middleware/globalErrorHandler.js
FN:2,(anonymous_0)
FNF:1
FNH:0
FNDA:0,(anonymous_0)
DA:2,1
DA:3,0
DA:4,0
LF:3
LH:1
BRF:0
BRH:0
end_of_record
TN:
SF:middleware/inputErrorHandler.js
FN:3,(anonymous_0)
FN:6,(anonymous_1)
FNF:2
FNH:0
FNDA:0,(anonymous_0)
FNDA:0,(anonymous_1)
DA:1,1
DA:3,1
DA:4,0
DA:5,0
DA:6,0
DA:7,0
DA:8,0
DA:9,0
DA:11,0
LF:9
LH:2
BRDA:5,0,0,0
BRDA:5,0,1,0
BRDA:7,1,0,0
BRDA:7,1,1,0
BRF:4
BRH:0
end_of_record
TN:
SF:models/task.models.js
FNF:0
FNH:0
DA:1,2
DA:3,2
DA:11,2
LF:3
LH:3
BRF:0
BRH:0
end_of_record
TN:
SF:models/user.models.js
FNF:0
FNH:0
DA:1,2
DA:3,2
DA:9,2
LF:3
LH:3
BRF:0
BRH:0
end_of_record
TN:
SF:routes/routes.js
FN:29,(anonymous_0)
FNF:1
FNH:0
FNDA:0,(anonymous_0)
DA:1,1
DA:2,1
DA:3,1
DA:4,1
DA:5,1
DA:6,1
DA:8,1
DA:10,1
DA:18,1
DA:28,1
DA:29,1
DA:30,0
DA:32,1
DA:33,1
DA:37,1
DA:43,1
DA:49,1
DA:51,1
LF:18
LH:17
BRF:0
BRH:0
end_of_record
